<?xml version="1.0" encoding="UTF-8"?>
<!-- Generated by org.testng.reporters.JUnitXMLReporter -->
<testsuite hostname="DESKTOP-EQA0C24" ignored="0" name="Test" tests="4" failures="1" timestamp="12 Apr 2022 12:39:01 GMT" time="205.63" errors="0">
  <testcase name="CreatePro" time="35.866" classname="SeleniumFrameworkWithTestNg.CreateProductTest">
    <skipped/>
  </testcase> <!-- CreatePro -->
  <testcase name="CreatePro" time="22.262" classname="SeleniumFrameworkWithTestNg.CreateProductTest">
    <skipped/>
  </testcase> <!-- CreatePro -->
  <testcase name="CreatePro" time="22.611" classname="SeleniumFrameworkWithTestNg.CreateProductTest">
    <skipped/>
  </testcase> <!-- CreatePro -->
  <testcase name="CreatePro" time="11.406" classname="SeleniumFrameworkWithTestNg.CreateProductTest">
    <failure type="java.lang.AssertionError" message="null">
      <![CDATA[java.lang.AssertionError: null
at SeleniumFrameworkWithTestNg.CreateProductTest.CreatePro(CreateProductTest.java:28)
... Removed 27 stack frames]]>
    </failure>
  </testcase> <!-- CreatePro -->
</testsuite> <!-- Test -->
